[0m19:07:10.983592 [debug] [MainThread]: Sending event: {'category': 'dbt', 'action': 'invocation', 'label': 'start', 'context': [<snowplow_tracker.self_describing_json.SelfDescribingJson object at 0x000001F415335940>, <snowplow_tracker.self_describing_json.SelfDescribingJson object at 0x000001F4165C3D90>, <snowplow_tracker.self_describing_json.SelfDescribingJson object at 0x000001F4165C39D0>]}


============================== 19:07:10.988833 | 0e0b1016-a616-46bb-9abf-cd04a13f59d9 ==============================
[0m19:07:10.988833 [info ] [MainThread]: Running with dbt=1.11.7
[0m19:07:10.989489 [debug] [MainThread]: running dbt with arguments {'version_check': 'True', 'no_print': 'None', 'static_parser': 'True', 'warn_error_options': 'WarnErrorOptionsV2(error=[], warn=[], silence=[])', 'target_path': 'None', 'printer_width': '80', 'write_json': 'True', 'introspect': 'True', 'log_cache_events': 'False', 'empty': 'None', 'cache_selected_only': 'False', 'fail_fast': 'False', 'debug': 'False', 'log_format': 'default', 'profiles_dir': 'C:\\Users\\Foram\\.dbt', 'send_anonymous_usage_stats': 'True', 'quiet': 'False', 'warn_error': 'None', 'partial_parse': 'True', 'invocation_command': 'dbt init fintech_dbt', 'use_colors': 'True', 'indirect_selection': 'eager', 'use_experimental_parser': 'False', 'log_path': 'logs'}
[0m19:07:11.007586 [info ] [MainThread]: Creating dbt configuration folder at C:\Users\Foram\.dbt
[0m19:07:11.009523 [debug] [MainThread]: Starter project path: C:\Users\Foram\AppData\Local\Programs\Python\Python313\Lib\site-packages\dbt\include\starter_project
[0m19:07:11.045993 [info ] [MainThread]: 
Your new dbt project "fintech_dbt" was created!

For more information on how to configure the profiles.yml file,
please consult the dbt documentation here:

  https://docs.getdbt.com/docs/configure-your-profile

One more thing:

Need help? Don't hesitate to reach out to us via GitHub issues or on Slack:

  https://community.getdbt.com/

Happy modeling!

[0m19:07:11.046752 [info ] [MainThread]: Setting up your profile.
[0m19:07:38.972076 [debug] [MainThread]: Snowflake adapter: Setting snowflake.connector to ERROR (file logging only)
[0m19:07:38.972594 [debug] [MainThread]: Snowflake adapter: Setting botocore to ERROR (file logging only)
[0m19:07:38.972875 [debug] [MainThread]: Snowflake adapter: Setting boto3 to ERROR (file logging only)
[0m19:10:50.230401 [info ] [MainThread]: Profile fintech_dbt written to C:\Users\Foram\.dbt\profiles.yml using target's profile_template.yml and your supplied values. Run 'dbt debug' to validate the connection.
[0m19:10:50.231956 [debug] [MainThread]: Command `dbt init` succeeded at 19:10:50.231796 after 219.39 seconds
[0m19:10:50.232381 [debug] [MainThread]: Sending event: {'category': 'dbt', 'action': 'invocation', 'label': 'end', 'context': [<snowplow_tracker.self_describing_json.SelfDescribingJson object at 0x000001F41AB33BB0>, <snowplow_tracker.self_describing_json.SelfDescribingJson object at 0x000001F41A2F0B90>, <snowplow_tracker.self_describing_json.SelfDescribingJson object at 0x000001F41668A140>]}
[0m19:10:50.232775 [debug] [MainThread]: Flushing usage events
[0m19:10:50.731429 [debug] [MainThread]: An error was encountered while trying to flush usage events
